<?xml version="1.0" encoding="UTF-8"?>
<!-- Generated by org.testng.reporters.JUnitXMLReporter -->
<testsuite hostname="Lenovo-PC" ignored="0" name="t" tests="6" failures="0" timestamp="08 Feb 2019 13:43:52 GMT" time="0.094" errors="0">
  <testcase name="testCaseOne" time="0.017" classname="packAA.AA"/>
  <testcase name="testCaseTwo" time="0.003" classname="packAA.AA"/>
  <testcase name="testCaseFour" time="0.002" classname="packAA.BB"/>
  <testcase name="testCaseThree" time="0.008" classname="packAA.BB"/>
  <testcase name="testCaseFive" time="0.001" classname="packAAA.AAA"/>
  <testcase name="testCaseSix" time="0.002" classname="packAAA.AAA"/>
</testsuite> <!-- t -->
