<?xml version="1.0" encoding="UTF-8"?>
<!-- Generated by org.testng.reporters.JUnitXMLReporter -->
<testsuite hostname="Lenovo-PC" ignored="0" name="xyzTest" tests="4" failures="0" timestamp="11 Feb 2019 15:08:01 GMT" time="0.004" errors="0">
  <testcase name="testCaseFour" time="0.0" classname="packAA.BB"/>
  <testcase name="testCaseThree" time="0.001" classname="packAA.BB"/>
  <testcase name="testCaseFive" time="0.0" classname="packAAA.AAA"/>
  <testcase name="testCaseSix" time="0.0" classname="packAAA.AAA"/>
</testsuite> <!-- xyzTest -->
