<?xml version="1.0" encoding="UTF-8"?>
<testng-results skipped="0" failed="0" ignored="0" total="2" passed="2">
  <reporter-output>
  </reporter-output>
  <suite name="Default suite" duration-ms="247" started-at="2019-02-12T08:35:10Z" finished-at="2019-02-12T08:35:10Z">
    <groups>
    </groups>
    <test name="Default test" duration-ms="247" started-at="2019-02-12T08:35:10Z" finished-at="2019-02-12T08:35:10Z">
      <class name="packAAA.AAA">
        <test-method status="PASS" signature="testCaseFive()[pri:0, instance:packAAA.AAA@48eff760]" name="testCaseFive" duration-ms="16" started-at="2019-02-12T08:35:10Z" finished-at="2019-02-12T08:35:10Z">
          <reporter-output>
          </reporter-output>
        </test-method> <!-- testCaseFive -->
        <test-method status="PASS" signature="testCaseSix()[pri:0, instance:packAAA.AAA@48eff760]" name="testCaseSix" duration-ms="3" started-at="2019-02-12T08:35:10Z" finished-at="2019-02-12T08:35:10Z">
          <reporter-output>
          </reporter-output>
        </test-method> <!-- testCaseSix -->
      </class> <!-- packAAA.AAA -->
    </test> <!-- Default test -->
  </suite> <!-- Default suite -->
</testng-results>
